<?xml version="1.0" encoding="UTF-8"?>
<testsuite name="regression"
           tests="2"
           failures="0"
           errors="0"
           skipped="0"
           time="30.774">
  <properties />
  
  
            <testcase name="verifyProductArrangeInAlphaBaticalOrder" time="7.390" classname="com.tutorialsninja.testsuite.DesktopsTest" />
                <testcase name="verifyProductAddedToShoppingCartSuccessFully" time="23.384" classname="com.tutorialsninja.testsuite.DesktopsTest" />
      
</testsuite>
