<?xml version="1.0" encoding="UTF-8"?>
<testsuite name="regression"
           tests="2"
           failures="0"
           errors="0"
           skipped="0"
           time="38.162">
  <properties />
  
  
            <testcase name="verifyProductsPriceDisplayHighToLowSuccessfully" time="3.016" classname="com.tutorialsninja.testsuite.LaptopsAndNotebooksTest" />
                <testcase name="verifyThatUserPlaceOrderSuccessfully" time="35.146" classname="com.tutorialsninja.testsuite.LaptopsAndNotebooksTest" />
      
</testsuite>
